<?xml version="1.0" encoding="UTF-8"?>
<testsuite name="CreateNewCarTest" tests="3" skipped="0" failures="3" errors="0" timestamp="2021-06-02T16:44:38" hostname="DESKTOP-832BH2N" time="45.765">
  <properties/>
  <testcase name="createNewCar" classname="CreateNewCarTest" time="8.272">
    <failure message="java.lang.AssertionError: expected [true] but found [false]" type="java.lang.AssertionError">java.lang.AssertionError: expected [true] but found [false]
	at org.testng.Assert.fail(Assert.java:97)
	at org.testng.Assert.failNotEquals(Assert.java:969)
	at org.testng.Assert.assertTrue(Assert.java:43)
	at org.testng.Assert.assertTrue(Assert.java:53)
	at CreateNewCarTest.createNewCar(CreateNewCarTest.java:47)
	at java.base/jdk.internal.reflect.NativeMethodAccessorImpl.invoke0(Native Method)
	at java.base/jdk.internal.reflect.NativeMethodAccessorImpl.invoke(NativeMethodAccessorImpl.java:64)
	at java.base/jdk.internal.reflect.DelegatingMethodAccessorImpl.invoke(DelegatingMethodAccessorImpl.java:43)
	at java.base/java.lang.reflect.Method.invoke(Method.java:564)
	at org.testng.internal.MethodInvocationHelper.invokeMethod(MethodInvocationHelper.java:134)
	at org.testng.internal.TestInvoker.invokeMethod(TestInvoker.java:597)
	at org.testng.internal.TestInvoker.invokeTestMethod(TestInvoker.java:173)
	at org.testng.internal.MethodRunner.runInSequence(MethodRunner.java:46)
	at org.testng.internal.TestInvoker$MethodInvocationAgent.invoke(TestInvoker.java:816)
	at org.testng.internal.TestInvoker.invokeTestMethods(TestInvoker.java:146)
	at org.testng.internal.TestMethodWorker.invokeTestMethods(TestMethodWorker.java:146)
	at org.testng.internal.TestMethodWorker.run(TestMethodWorker.java:128)
	at java.base/java.util.ArrayList.forEach(ArrayList.java:1511)
	at org.testng.TestRunner.privateRun(TestRunner.java:766)
	at org.testng.TestRunner.run(TestRunner.java:587)
	at org.testng.SuiteRunner.runTest(SuiteRunner.java:384)
	at org.testng.SuiteRunner.runSequentially(SuiteRunner.java:378)
	at org.testng.SuiteRunner.privateRun(SuiteRunner.java:337)
	at org.testng.SuiteRunner.run(SuiteRunner.java:286)
	at org.testng.SuiteRunnerWorker.runSuite(SuiteRunnerWorker.java:53)
	at org.testng.SuiteRunnerWorker.run(SuiteRunnerWorker.java:96)
	at org.testng.TestNG.runSuitesSequentially(TestNG.java:1187)
	at org.testng.TestNG.runSuitesLocally(TestNG.java:1109)
	at org.testng.TestNG.runSuites(TestNG.java:1039)
	at org.testng.TestNG.run(TestNG.java:1007)
	at org.gradle.api.internal.tasks.testing.testng.TestNGTestClassProcessor.runTests(TestNGTestClassProcessor.java:141)
	at org.gradle.api.internal.tasks.testing.testng.TestNGTestClassProcessor.stop(TestNGTestClassProcessor.java:90)
	at org.gradle.api.internal.tasks.testing.SuiteTestClassProcessor.stop(SuiteTestClassProcessor.java:61)
	at java.base/jdk.internal.reflect.NativeMethodAccessorImpl.invoke0(Native Method)
	at java.base/jdk.internal.reflect.NativeMethodAccessorImpl.invoke(NativeMethodAccessorImpl.java:64)
	at java.base/jdk.internal.reflect.DelegatingMethodAccessorImpl.invoke(DelegatingMethodAccessorImpl.java:43)
	at java.base/java.lang.reflect.Method.invoke(Method.java:564)
	at org.gradle.internal.dispatch.ReflectionDispatch.dispatch(ReflectionDispatch.java:36)
	at org.gradle.internal.dispatch.ReflectionDispatch.dispatch(ReflectionDispatch.java:24)
	at org.gradle.internal.dispatch.ContextClassLoaderDispatch.dispatch(ContextClassLoaderDispatch.java:33)
	at org.gradle.internal.dispatch.ProxyDispatchAdapter$DispatchingInvocationHandler.invoke(ProxyDispatchAdapter.java:94)
	at com.sun.proxy.$Proxy2.stop(Unknown Source)
	at org.gradle.api.internal.tasks.testing.worker.TestWorker.stop(TestWorker.java:133)
	at java.base/jdk.internal.reflect.NativeMethodAccessorImpl.invoke0(Native Method)
	at java.base/jdk.internal.reflect.NativeMethodAccessorImpl.invoke(NativeMethodAccessorImpl.java:64)
	at java.base/jdk.internal.reflect.DelegatingMethodAccessorImpl.invoke(DelegatingMethodAccessorImpl.java:43)
	at java.base/java.lang.reflect.Method.invoke(Method.java:564)
	at org.gradle.internal.dispatch.ReflectionDispatch.dispatch(ReflectionDispatch.java:36)
	at org.gradle.internal.dispatch.ReflectionDispatch.dispatch(ReflectionDispatch.java:24)
	at org.gradle.internal.remote.internal.hub.MessageHubBackedObjectConnection$DispatchWrapper.dispatch(MessageHubBackedObjectConnection.java:182)
	at org.gradle.internal.remote.internal.hub.MessageHubBackedObjectConnection$DispatchWrapper.dispatch(MessageHubBackedObjectConnection.java:164)
	at org.gradle.internal.remote.internal.hub.MessageHub$Handler.run(MessageHub.java:414)
	at org.gradle.internal.concurrent.ExecutorPolicy$CatchAndRecordFailures.onExecute(ExecutorPolicy.java:64)
	at org.gradle.internal.concurrent.ManagedExecutorImpl$1.run(ManagedExecutorImpl.java:48)
	at java.base/java.util.concurrent.ThreadPoolExecutor.runWorker(ThreadPoolExecutor.java:1130)
	at java.base/java.util.concurrent.ThreadPoolExecutor$Worker.run(ThreadPoolExecutor.java:630)
	at org.gradle.internal.concurrent.ThreadFactoryImpl$ManagedThreadRunnable.run(ThreadFactoryImpl.java:56)
	at java.base/java.lang.Thread.run(Thread.java:832)
</failure>
  </testcase>
  <testcase name="createNewCarDataProvider[0](models.Car@19eac12c)" classname="CreateNewCarTest" time="19.806">
    <failure message="org.openqa.selenium.NoSuchElementException: no such element: Unable to locate element: {&quot;method&quot;:&quot;css selector&quot;,&quot;selector&quot;:&quot;div.dialog-container&quot;}&#10;  (Session info: chrome=91.0.4472.77)&#10;For documentation on this error, please visit: https://www.seleniumhq.org/exceptions/no_such_element.html&#10;Build info: version: '3.141.59', revision: 'e82be7d358', time: '2018-11-14T08:17:03'&#10;System info: host: 'DESKTOP-832BH2N', ip: '10.0.0.3', os.name: 'Windows 10', os.arch: 'amd64', os.version: '10.0', java.version: '15.0.1'&#10;Driver info: org.openqa.selenium.chrome.ChromeDriver&#10;Capabilities {acceptInsecureCerts: false, browserName: chrome, browserVersion: 91.0.4472.77, chrome: {chromedriverVersion: 91.0.4472.19 (1bf021f248676..., userDataDir: C:\Users\Stebelev\AppData\L...}, goog:chromeOptions: {debuggerAddress: localhost:50725}, javascriptEnabled: true, networkConnectionEnabled: false, pageLoadStrategy: normal, platform: WINDOWS, platformName: WINDOWS, proxy: Proxy(), setWindowRect: true, strictFileInteractability: false, timeouts: {implicit: 0, pageLoad: 300000, script: 30000}, unhandledPromptBehavior: dismiss and notify, webauthn:extension:largeBlob: true, webauthn:virtualAuthenticators: true}&#10;Session ID: 1090d8faed4908df5dea35c3ed3d9f11&#10;*** Element info: {Using=css selector, value=div.dialog-container}" type="org.openqa.selenium.NoSuchElementException">org.openqa.selenium.NoSuchElementException: no such element: Unable to locate element: {&quot;method&quot;:&quot;css selector&quot;,&quot;selector&quot;:&quot;div.dialog-container&quot;}
  (Session info: chrome=91.0.4472.77)
For documentation on this error, please visit: https://www.seleniumhq.org/exceptions/no_such_element.html
Build info: version: '3.141.59', revision: 'e82be7d358', time: '2018-11-14T08:17:03'
System info: host: 'DESKTOP-832BH2N', ip: '10.0.0.3', os.name: 'Windows 10', os.arch: 'amd64', os.version: '10.0', java.version: '15.0.1'
Driver info: org.openqa.selenium.chrome.ChromeDriver
Capabilities {acceptInsecureCerts: false, browserName: chrome, browserVersion: 91.0.4472.77, chrome: {chromedriverVersion: 91.0.4472.19 (1bf021f248676..., userDataDir: C:\Users\Stebelev\AppData\L...}, goog:chromeOptions: {debuggerAddress: localhost:50725}, javascriptEnabled: true, networkConnectionEnabled: false, pageLoadStrategy: normal, platform: WINDOWS, platformName: WINDOWS, proxy: Proxy(), setWindowRect: true, strictFileInteractability: false, timeouts: {implicit: 0, pageLoad: 300000, script: 30000}, unhandledPromptBehavior: dismiss and notify, webauthn:extension:largeBlob: true, webauthn:virtualAuthenticators: true}
Session ID: 1090d8faed4908df5dea35c3ed3d9f11
*** Element info: {Using=css selector, value=div.dialog-container}
	at java.base/jdk.internal.reflect.NativeConstructorAccessorImpl.newInstance0(Native Method)
	at java.base/jdk.internal.reflect.NativeConstructorAccessorImpl.newInstance(NativeConstructorAccessorImpl.java:64)
	at java.base/jdk.internal.reflect.DelegatingConstructorAccessorImpl.newInstance(DelegatingConstructorAccessorImpl.java:45)
	at java.base/java.lang.reflect.Constructor.newInstanceWithCaller(Constructor.java:500)
	at java.base/java.lang.reflect.Constructor.newInstance(Constructor.java:481)
	at org.openqa.selenium.remote.http.W3CHttpResponseCodec.createException(W3CHttpResponseCodec.java:187)
	at org.openqa.selenium.remote.http.W3CHttpResponseCodec.decode(W3CHttpResponseCodec.java:122)
	at org.openqa.selenium.remote.http.W3CHttpResponseCodec.decode(W3CHttpResponseCodec.java:49)
	at org.openqa.selenium.remote.HttpCommandExecutor.execute(HttpCommandExecutor.java:158)
	at org.openqa.selenium.remote.service.DriverCommandExecutor.execute(DriverCommandExecutor.java:83)
	at org.openqa.selenium.remote.RemoteWebDriver.execute(RemoteWebDriver.java:552)
	at org.openqa.selenium.remote.RemoteWebDriver.findElement(RemoteWebDriver.java:323)
	at org.openqa.selenium.remote.RemoteWebDriver.findElementByCssSelector(RemoteWebDriver.java:420)
	at org.openqa.selenium.By$ByCssSelector.findElement(By.java:431)
	at org.openqa.selenium.remote.RemoteWebDriver.findElement(RemoteWebDriver.java:315)
	at jdk.internal.reflect.GeneratedMethodAccessor3.invoke(Unknown Source)
	at java.base/jdk.internal.reflect.DelegatingMethodAccessorImpl.invoke(DelegatingMethodAccessorImpl.java:43)
	at java.base/java.lang.reflect.Method.invoke(Method.java:564)
	at org.openqa.selenium.support.events.EventFiringWebDriver.lambda$new$1(EventFiringWebDriver.java:105)
	at com.sun.proxy.$Proxy16.findElement(Unknown Source)
	at org.openqa.selenium.support.events.EventFiringWebDriver.findElement(EventFiringWebDriver.java:194)
	at manager.CarHelper.isCarAdded(CarHelper.java:47)
	at CreateNewCarTest.createNewCarDataProvider(CreateNewCarTest.java:63)
	at java.base/jdk.internal.reflect.NativeMethodAccessorImpl.invoke0(Native Method)
	at java.base/jdk.internal.reflect.NativeMethodAccessorImpl.invoke(NativeMethodAccessorImpl.java:64)
	at java.base/jdk.internal.reflect.DelegatingMethodAccessorImpl.invoke(DelegatingMethodAccessorImpl.java:43)
	at java.base/java.lang.reflect.Method.invoke(Method.java:564)
	at org.testng.internal.MethodInvocationHelper.invokeMethod(MethodInvocationHelper.java:134)
	at org.testng.internal.TestInvoker.invokeMethod(TestInvoker.java:597)
	at org.testng.internal.TestInvoker.invokeTestMethod(TestInvoker.java:173)
	at org.testng.internal.MethodRunner.runInSequence(MethodRunner.java:46)
	at org.testng.internal.TestInvoker$MethodInvocationAgent.invoke(TestInvoker.java:816)
	at org.testng.internal.TestInvoker.invokeTestMethods(TestInvoker.java:146)
	at org.testng.internal.TestMethodWorker.invokeTestMethods(TestMethodWorker.java:146)
	at org.testng.internal.TestMethodWorker.run(TestMethodWorker.java:128)
	at java.base/java.util.ArrayList.forEach(ArrayList.java:1511)
	at org.testng.TestRunner.privateRun(TestRunner.java:766)
	at org.testng.TestRunner.run(TestRunner.java:587)
	at org.testng.SuiteRunner.runTest(SuiteRunner.java:384)
	at org.testng.SuiteRunner.runSequentially(SuiteRunner.java:378)
	at org.testng.SuiteRunner.privateRun(SuiteRunner.java:337)
	at org.testng.SuiteRunner.run(SuiteRunner.java:286)
	at org.testng.SuiteRunnerWorker.runSuite(SuiteRunnerWorker.java:53)
	at org.testng.SuiteRunnerWorker.run(SuiteRunnerWorker.java:96)
	at org.testng.TestNG.runSuitesSequentially(TestNG.java:1187)
	at org.testng.TestNG.runSuitesLocally(TestNG.java:1109)
	at org.testng.TestNG.runSuites(TestNG.java:1039)
	at org.testng.TestNG.run(TestNG.java:1007)
	at org.gradle.api.internal.tasks.testing.testng.TestNGTestClassProcessor.runTests(TestNGTestClassProcessor.java:141)
	at org.gradle.api.internal.tasks.testing.testng.TestNGTestClassProcessor.stop(TestNGTestClassProcessor.java:90)
	at org.gradle.api.internal.tasks.testing.SuiteTestClassProcessor.stop(SuiteTestClassProcessor.java:61)
	at java.base/jdk.internal.reflect.NativeMethodAccessorImpl.invoke0(Native Method)
	at java.base/jdk.internal.reflect.NativeMethodAccessorImpl.invoke(NativeMethodAccessorImpl.java:64)
	at java.base/jdk.internal.reflect.DelegatingMethodAccessorImpl.invoke(DelegatingMethodAccessorImpl.java:43)
	at java.base/java.lang.reflect.Method.invoke(Method.java:564)
	at org.gradle.internal.dispatch.ReflectionDispatch.dispatch(ReflectionDispatch.java:36)
	at org.gradle.internal.dispatch.ReflectionDispatch.dispatch(ReflectionDispatch.java:24)
	at org.gradle.internal.dispatch.ContextClassLoaderDispatch.dispatch(ContextClassLoaderDispatch.java:33)
	at org.gradle.internal.dispatch.ProxyDispatchAdapter$DispatchingInvocationHandler.invoke(ProxyDispatchAdapter.java:94)
	at com.sun.proxy.$Proxy2.stop(Unknown Source)
	at org.gradle.api.internal.tasks.testing.worker.TestWorker.stop(TestWorker.java:133)
	at java.base/jdk.internal.reflect.NativeMethodAccessorImpl.invoke0(Native Method)
	at java.base/jdk.internal.reflect.NativeMethodAccessorImpl.invoke(NativeMethodAccessorImpl.java:64)
	at java.base/jdk.internal.reflect.DelegatingMethodAccessorImpl.invoke(DelegatingMethodAccessorImpl.java:43)
	at java.base/java.lang.reflect.Method.invoke(Method.java:564)
	at org.gradle.internal.dispatch.ReflectionDispatch.dispatch(ReflectionDispatch.java:36)
	at org.gradle.internal.dispatch.ReflectionDispatch.dispatch(ReflectionDispatch.java:24)
	at org.gradle.internal.remote.internal.hub.MessageHubBackedObjectConnection$DispatchWrapper.dispatch(MessageHubBackedObjectConnection.java:182)
	at org.gradle.internal.remote.internal.hub.MessageHubBackedObjectConnection$DispatchWrapper.dispatch(MessageHubBackedObjectConnection.java:164)
	at org.gradle.internal.remote.internal.hub.MessageHub$Handler.run(MessageHub.java:414)
	at org.gradle.internal.concurrent.ExecutorPolicy$CatchAndRecordFailures.onExecute(ExecutorPolicy.java:64)
	at org.gradle.internal.concurrent.ManagedExecutorImpl$1.run(ManagedExecutorImpl.java:48)
	at java.base/java.util.concurrent.ThreadPoolExecutor.runWorker(ThreadPoolExecutor.java:1130)
	at java.base/java.util.concurrent.ThreadPoolExecutor$Worker.run(ThreadPoolExecutor.java:630)
	at org.gradle.internal.concurrent.ThreadFactoryImpl$ManagedThreadRunnable.run(ThreadFactoryImpl.java:56)
	at java.base/java.lang.Thread.run(Thread.java:832)
</failure>
  </testcase>
  <testcase name="createNewCarDataProvider[1](models.Car@2d3549e8)" classname="CreateNewCarTest" time="17.384">
    <failure message="org.openqa.selenium.NoSuchElementException: no such element: Unable to locate element: {&quot;method&quot;:&quot;css selector&quot;,&quot;selector&quot;:&quot;div.dialog-container&quot;}&#10;  (Session info: chrome=91.0.4472.77)&#10;For documentation on this error, please visit: https://www.seleniumhq.org/exceptions/no_such_element.html&#10;Build info: version: '3.141.59', revision: 'e82be7d358', time: '2018-11-14T08:17:03'&#10;System info: host: 'DESKTOP-832BH2N', ip: '10.0.0.3', os.name: 'Windows 10', os.arch: 'amd64', os.version: '10.0', java.version: '15.0.1'&#10;Driver info: org.openqa.selenium.chrome.ChromeDriver&#10;Capabilities {acceptInsecureCerts: false, browserName: chrome, browserVersion: 91.0.4472.77, chrome: {chromedriverVersion: 91.0.4472.19 (1bf021f248676..., userDataDir: C:\Users\Stebelev\AppData\L...}, goog:chromeOptions: {debuggerAddress: localhost:50725}, javascriptEnabled: true, networkConnectionEnabled: false, pageLoadStrategy: normal, platform: WINDOWS, platformName: WINDOWS, proxy: Proxy(), setWindowRect: true, strictFileInteractability: false, timeouts: {implicit: 0, pageLoad: 300000, script: 30000}, unhandledPromptBehavior: dismiss and notify, webauthn:extension:largeBlob: true, webauthn:virtualAuthenticators: true}&#10;Session ID: 1090d8faed4908df5dea35c3ed3d9f11&#10;*** Element info: {Using=css selector, value=div.dialog-container}" type="org.openqa.selenium.NoSuchElementException">org.openqa.selenium.NoSuchElementException: no such element: Unable to locate element: {&quot;method&quot;:&quot;css selector&quot;,&quot;selector&quot;:&quot;div.dialog-container&quot;}
  (Session info: chrome=91.0.4472.77)
For documentation on this error, please visit: https://www.seleniumhq.org/exceptions/no_such_element.html
Build info: version: '3.141.59', revision: 'e82be7d358', time: '2018-11-14T08:17:03'
System info: host: 'DESKTOP-832BH2N', ip: '10.0.0.3', os.name: 'Windows 10', os.arch: 'amd64', os.version: '10.0', java.version: '15.0.1'
Driver info: org.openqa.selenium.chrome.ChromeDriver
Capabilities {acceptInsecureCerts: false, browserName: chrome, browserVersion: 91.0.4472.77, chrome: {chromedriverVersion: 91.0.4472.19 (1bf021f248676..., userDataDir: C:\Users\Stebelev\AppData\L...}, goog:chromeOptions: {debuggerAddress: localhost:50725}, javascriptEnabled: true, networkConnectionEnabled: false, pageLoadStrategy: normal, platform: WINDOWS, platformName: WINDOWS, proxy: Proxy(), setWindowRect: true, strictFileInteractability: false, timeouts: {implicit: 0, pageLoad: 300000, script: 30000}, unhandledPromptBehavior: dismiss and notify, webauthn:extension:largeBlob: true, webauthn:virtualAuthenticators: true}
Session ID: 1090d8faed4908df5dea35c3ed3d9f11
*** Element info: {Using=css selector, value=div.dialog-container}
	at java.base/jdk.internal.reflect.NativeConstructorAccessorImpl.newInstance0(Native Method)
	at java.base/jdk.internal.reflect.NativeConstructorAccessorImpl.newInstance(NativeConstructorAccessorImpl.java:64)
	at java.base/jdk.internal.reflect.DelegatingConstructorAccessorImpl.newInstance(DelegatingConstructorAccessorImpl.java:45)
	at java.base/java.lang.reflect.Constructor.newInstanceWithCaller(Constructor.java:500)
	at java.base/java.lang.reflect.Constructor.newInstance(Constructor.java:481)
	at org.openqa.selenium.remote.http.W3CHttpResponseCodec.createException(W3CHttpResponseCodec.java:187)
	at org.openqa.selenium.remote.http.W3CHttpResponseCodec.decode(W3CHttpResponseCodec.java:122)
	at org.openqa.selenium.remote.http.W3CHttpResponseCodec.decode(W3CHttpResponseCodec.java:49)
	at org.openqa.selenium.remote.HttpCommandExecutor.execute(HttpCommandExecutor.java:158)
	at org.openqa.selenium.remote.service.DriverCommandExecutor.execute(DriverCommandExecutor.java:83)
	at org.openqa.selenium.remote.RemoteWebDriver.execute(RemoteWebDriver.java:552)
	at org.openqa.selenium.remote.RemoteWebDriver.findElement(RemoteWebDriver.java:323)
	at org.openqa.selenium.remote.RemoteWebDriver.findElementByCssSelector(RemoteWebDriver.java:420)
	at org.openqa.selenium.By$ByCssSelector.findElement(By.java:431)
	at org.openqa.selenium.remote.RemoteWebDriver.findElement(RemoteWebDriver.java:315)
	at jdk.internal.reflect.GeneratedMethodAccessor3.invoke(Unknown Source)
	at java.base/jdk.internal.reflect.DelegatingMethodAccessorImpl.invoke(DelegatingMethodAccessorImpl.java:43)
	at java.base/java.lang.reflect.Method.invoke(Method.java:564)
	at org.openqa.selenium.support.events.EventFiringWebDriver.lambda$new$1(EventFiringWebDriver.java:105)
	at com.sun.proxy.$Proxy16.findElement(Unknown Source)
	at org.openqa.selenium.support.events.EventFiringWebDriver.findElement(EventFiringWebDriver.java:194)
	at manager.CarHelper.isCarAdded(CarHelper.java:47)
	at CreateNewCarTest.createNewCarDataProvider(CreateNewCarTest.java:63)
	at java.base/jdk.internal.reflect.NativeMethodAccessorImpl.invoke0(Native Method)
	at java.base/jdk.internal.reflect.NativeMethodAccessorImpl.invoke(NativeMethodAccessorImpl.java:64)
	at java.base/jdk.internal.reflect.DelegatingMethodAccessorImpl.invoke(DelegatingMethodAccessorImpl.java:43)
	at java.base/java.lang.reflect.Method.invoke(Method.java:564)
	at org.testng.internal.MethodInvocationHelper.invokeMethod(MethodInvocationHelper.java:134)
	at org.testng.internal.TestInvoker.invokeMethod(TestInvoker.java:597)
	at org.testng.internal.TestInvoker.invokeTestMethod(TestInvoker.java:173)
	at org.testng.internal.MethodRunner.runInSequence(MethodRunner.java:46)
	at org.testng.internal.TestInvoker$MethodInvocationAgent.invoke(TestInvoker.java:816)
	at org.testng.internal.TestInvoker.invokeTestMethods(TestInvoker.java:146)
	at org.testng.internal.TestMethodWorker.invokeTestMethods(TestMethodWorker.java:146)
	at org.testng.internal.TestMethodWorker.run(TestMethodWorker.java:128)
	at java.base/java.util.ArrayList.forEach(ArrayList.java:1511)
	at org.testng.TestRunner.privateRun(TestRunner.java:766)
	at org.testng.TestRunner.run(TestRunner.java:587)
	at org.testng.SuiteRunner.runTest(SuiteRunner.java:384)
	at org.testng.SuiteRunner.runSequentially(SuiteRunner.java:378)
	at org.testng.SuiteRunner.privateRun(SuiteRunner.java:337)
	at org.testng.SuiteRunner.run(SuiteRunner.java:286)
	at org.testng.SuiteRunnerWorker.runSuite(SuiteRunnerWorker.java:53)
	at org.testng.SuiteRunnerWorker.run(SuiteRunnerWorker.java:96)
	at org.testng.TestNG.runSuitesSequentially(TestNG.java:1187)
	at org.testng.TestNG.runSuitesLocally(TestNG.java:1109)
	at org.testng.TestNG.runSuites(TestNG.java:1039)
	at org.testng.TestNG.run(TestNG.java:1007)
	at org.gradle.api.internal.tasks.testing.testng.TestNGTestClassProcessor.runTests(TestNGTestClassProcessor.java:141)
	at org.gradle.api.internal.tasks.testing.testng.TestNGTestClassProcessor.stop(TestNGTestClassProcessor.java:90)
	at org.gradle.api.internal.tasks.testing.SuiteTestClassProcessor.stop(SuiteTestClassProcessor.java:61)
	at java.base/jdk.internal.reflect.NativeMethodAccessorImpl.invoke0(Native Method)
	at java.base/jdk.internal.reflect.NativeMethodAccessorImpl.invoke(NativeMethodAccessorImpl.java:64)
	at java.base/jdk.internal.reflect.DelegatingMethodAccessorImpl.invoke(DelegatingMethodAccessorImpl.java:43)
	at java.base/java.lang.reflect.Method.invoke(Method.java:564)
	at org.gradle.internal.dispatch.ReflectionDispatch.dispatch(ReflectionDispatch.java:36)
	at org.gradle.internal.dispatch.ReflectionDispatch.dispatch(ReflectionDispatch.java:24)
	at org.gradle.internal.dispatch.ContextClassLoaderDispatch.dispatch(ContextClassLoaderDispatch.java:33)
	at org.gradle.internal.dispatch.ProxyDispatchAdapter$DispatchingInvocationHandler.invoke(ProxyDispatchAdapter.java:94)
	at com.sun.proxy.$Proxy2.stop(Unknown Source)
	at org.gradle.api.internal.tasks.testing.worker.TestWorker.stop(TestWorker.java:133)
	at java.base/jdk.internal.reflect.NativeMethodAccessorImpl.invoke0(Native Method)
	at java.base/jdk.internal.reflect.NativeMethodAccessorImpl.invoke(NativeMethodAccessorImpl.java:64)
	at java.base/jdk.internal.reflect.DelegatingMethodAccessorImpl.invoke(DelegatingMethodAccessorImpl.java:43)
	at java.base/java.lang.reflect.Method.invoke(Method.java:564)
	at org.gradle.internal.dispatch.ReflectionDispatch.dispatch(ReflectionDispatch.java:36)
	at org.gradle.internal.dispatch.ReflectionDispatch.dispatch(ReflectionDispatch.java:24)
	at org.gradle.internal.remote.internal.hub.MessageHubBackedObjectConnection$DispatchWrapper.dispatch(MessageHubBackedObjectConnection.java:182)
	at org.gradle.internal.remote.internal.hub.MessageHubBackedObjectConnection$DispatchWrapper.dispatch(MessageHubBackedObjectConnection.java:164)
	at org.gradle.internal.remote.internal.hub.MessageHub$Handler.run(MessageHub.java:414)
	at org.gradle.internal.concurrent.ExecutorPolicy$CatchAndRecordFailures.onExecute(ExecutorPolicy.java:64)
	at org.gradle.internal.concurrent.ManagedExecutorImpl$1.run(ManagedExecutorImpl.java:48)
	at java.base/java.util.concurrent.ThreadPoolExecutor.runWorker(ThreadPoolExecutor.java:1130)
	at java.base/java.util.concurrent.ThreadPoolExecutor$Worker.run(ThreadPoolExecutor.java:630)
	at org.gradle.internal.concurrent.ThreadFactoryImpl$ManagedThreadRunnable.run(ThreadFactoryImpl.java:56)
	at java.base/java.lang.Thread.run(Thread.java:832)
</failure>
  </testcase>
  <system-out><![CDATA[19:44:20. [Test worker] INFO  TestBase - Start method -->createNewCar
19:44:20. [Test worker] INFO  TestBase - With param---->[]
19:44:20. [Test worker] INFO  manager.MyListener - Start search element-->By.xpath: //a[text()=' Logout ']
19:44:35. [Test worker] INFO  manager.MyListener - Found ---> By.xpath: //a[text()=' Logout ']
19:44:35. [Test worker] INFO  manager.MyListener - Start search element-->By.xpath: //a[text()=' Log in ']
19:44:35. [Test worker] INFO  manager.MyListener - Found ---> By.xpath: //a[text()=' Log in ']
19:44:35. [Test worker] INFO  manager.MyListener - Start search element-->By.id: email
19:44:35. [Test worker] INFO  manager.MyListener - Found ---> By.id: email
19:44:35. [Test worker] INFO  manager.MyListener - Start search element-->By.id: password
19:44:35. [Test worker] INFO  manager.MyListener - Found ---> By.id: password
19:44:35. [Test worker] INFO  manager.MyListener - Start search element-->By.xpath: //button[@type='submit']
19:44:35. [Test worker] INFO  manager.MyListener - Found ---> By.xpath: //button[@type='submit']
19:44:38. [Test worker] INFO  manager.MyListener - Start search element-->By.xpath: //button[text()='Ok']
19:44:38. [Test worker] INFO  manager.MyListener - Found ---> By.xpath: //button[text()='Ok']
Listener TestsNG startnullcreateNewCar
19:44:38. [Test worker] INFO  manager.MyListenerTestNG - Listener TestsNG startnullcreateNewCar
19:44:38. [Test worker] INFO  manager.MyListener - Start search element-->By.xpath: //a[@href='/let-car-work']
19:44:38. [Test worker] INFO  manager.MyListener - Found ---> By.xpath: //a[@href='/let-car-work']
19:44:38. [Test worker] INFO  manager.MyListener - Start search element-->By.xpath: //a[@id='1']
19:44:38. [Test worker] INFO  manager.MyListener - Found ---> By.xpath: //a[@id='1']
19:44:38. [Test worker] INFO  manager.MyListener - Start search element-->By.id: pickUpPlace
19:44:38. [Test worker] INFO  manager.MyListener - Found ---> By.id: pickUpPlace
19:44:38. [Test worker] INFO  manager.MyListener - Start search element-->By.cssSelector: div.pac-item
19:44:38. [Test worker] INFO  manager.MyListener - Found ---> By.cssSelector: div.pac-item
19:44:40. [Test worker] INFO  manager.MyListener - Start search element-->By.id: make
19:44:40. [Test worker] INFO  manager.MyListener - Found ---> By.id: make
19:44:41. [Test worker] INFO  manager.MyListener - Start search element-->By.id: model
19:44:41. [Test worker] INFO  manager.MyListener - Found ---> By.id: model
19:44:41. [Test worker] INFO  manager.MyListener - Start search element-->By.id: year
19:44:41. [Test worker] INFO  manager.MyListener - Found ---> By.id: year
19:44:41. [Test worker] INFO  manager.MyListener - Start search element-->By.id: engine
19:44:41. [Test worker] INFO  manager.MyListener - Found ---> By.id: engine
19:44:41. [Test worker] INFO  manager.MyListener - Start search element-->By.id: fuel
19:44:41. [Test worker] INFO  manager.MyListener - Found ---> By.id: fuel
19:44:41. [Test worker] INFO  manager.MyListener - Start search element-->By.xpath: .//option[normalize-space(.) = "Petrol"]
19:44:41. [Test worker] INFO  manager.MyListener - Found ---> By.xpath: .//option[normalize-space(.) = "Petrol"]
19:44:41. [Test worker] INFO  manager.MyListener - Start search element-->By.id: gear
19:44:41. [Test worker] INFO  manager.MyListener - Found ---> By.id: gear
19:44:41. [Test worker] INFO  manager.MyListener - Start search element-->By.xpath: .//option[normalize-space(.) = "AT"]
19:44:41. [Test worker] INFO  manager.MyListener - Found ---> By.xpath: .//option[normalize-space(.) = "AT"]
19:44:41. [Test worker] INFO  manager.MyListener - Start search element-->By.id: wheelsDrive
19:44:42. [Test worker] INFO  manager.MyListener - Found ---> By.id: wheelsDrive
19:44:42. [Test worker] INFO  manager.MyListener - Start search element-->By.xpath: .//option[normalize-space(.) = "RWD"]
19:44:42. [Test worker] INFO  manager.MyListener - Found ---> By.xpath: .//option[normalize-space(.) = "RWD"]
19:44:42. [Test worker] INFO  manager.MyListener - Start search element-->By.id: doors
19:44:42. [Test worker] INFO  manager.MyListener - Found ---> By.id: doors
19:44:42. [Test worker] INFO  manager.MyListener - Start search element-->By.id: seats
19:44:42. [Test worker] INFO  manager.MyListener - Found ---> By.id: seats
19:44:42. [Test worker] INFO  manager.MyListener - Start search element-->By.id: class
19:44:42. [Test worker] INFO  manager.MyListener - Found ---> By.id: class
19:44:42. [Test worker] INFO  manager.MyListener - Start search element-->By.id: fuelConsumption
19:44:42. [Test worker] INFO  manager.MyListener - Found ---> By.id: fuelConsumption
19:44:42. [Test worker] INFO  manager.MyListener - Start search element-->By.id: serialNumber
19:44:42. [Test worker] INFO  manager.MyListener - Found ---> By.id: serialNumber
19:44:42. [Test worker] INFO  manager.MyListener - Start search element-->By.id: price
19:44:42. [Test worker] INFO  manager.MyListener - Found ---> By.id: price
19:44:43. [Test worker] INFO  manager.MyListener - Start search element-->By.id: distance
19:44:43. [Test worker] INFO  manager.MyListener - Found ---> By.id: distance
19:44:43. [Test worker] INFO  manager.MyListener - Start search element-->By.id: photos
19:44:43. [Test worker] INFO  manager.MyListener - Found ---> By.id: photos
19:44:45. [Test worker] INFO  manager.MyListener - Start search element-->By.xpath: //button[text()='Submit']
19:44:45. [Test worker] INFO  manager.MyListener - Found ---> By.xpath: //button[text()='Submit']
19:44:45. [Test worker] INFO  manager.MyListener - Start search element-->By.cssSelector: div.dialog-container
19:44:46. [Test worker] INFO  manager.MyListener - Found ---> By.cssSelector: div.dialog-container
19:44:46. [Test worker] INFO  manager.MyListener - Start search element-->By.cssSelector: div.dialog-container h1
19:44:46. [Test worker] INFO  manager.MyListener - Found ---> By.cssSelector: div.dialog-container h1
19:44:46. [Test worker] INFO  TestBase - End of method --->createNewCar
19:44:46. [Test worker] INFO  TestBase - Start method -->createNewCarDataProvider
19:44:46. [Test worker] INFO  TestBase - With param---->[models.Car@19eac12c]
19:44:46. [Test worker] INFO  manager.MyListener - Start search element-->By.xpath: //a[text()=' Logout ']
19:44:46. [Test worker] INFO  manager.MyListener - Found ---> By.xpath: //a[text()=' Logout ']
Listener TestsNG startnullcreateNewCarDataProvider
19:44:46. [Test worker] INFO  manager.MyListenerTestNG - Listener TestsNG startnullcreateNewCarDataProvider
19:44:46. [Test worker] INFO  manager.MyListener - Start search element-->By.xpath: //a[@href='/let-car-work']
19:44:46. [Test worker] INFO  manager.MyListener - Found ---> By.xpath: //a[@href='/let-car-work']
19:44:49. [Test worker] INFO  manager.MyListener - Start search element-->By.xpath: //a[@id='1']
19:44:49. [Test worker] INFO  manager.MyListener - Found ---> By.xpath: //a[@id='1']
19:44:49. [Test worker] INFO  manager.MyListener - Start search element-->By.id: pickUpPlace
19:44:49. [Test worker] INFO  manager.MyListener - Found ---> By.id: pickUpPlace
19:44:49. [Test worker] INFO  manager.MyListener - Start search element-->By.cssSelector: div.pac-item
19:44:50. [Test worker] INFO  manager.MyListener - Found ---> By.cssSelector: div.pac-item
19:44:52. [Test worker] INFO  manager.MyListener - Start search element-->By.id: make
19:44:52. [Test worker] INFO  manager.MyListener - Found ---> By.id: make
19:44:52. [Test worker] INFO  manager.MyListener - Start search element-->By.id: model
19:44:52. [Test worker] INFO  manager.MyListener - Found ---> By.id: model
19:44:52. [Test worker] INFO  manager.MyListener - Start search element-->By.id: year
19:44:52. [Test worker] INFO  manager.MyListener - Found ---> By.id: year
19:44:52. [Test worker] INFO  manager.MyListener - Start search element-->By.id: engine
19:44:52. [Test worker] INFO  manager.MyListener - Found ---> By.id: engine
19:44:52. [Test worker] INFO  manager.MyListener - Start search element-->By.id: fuel
19:44:52. [Test worker] INFO  manager.MyListener - Found ---> By.id: fuel
19:44:52. [Test worker] INFO  manager.MyListener - Start search element-->By.xpath: .//option[normalize-space(.) = "Petrol"]
19:44:52. [Test worker] INFO  manager.MyListener - Found ---> By.xpath: .//option[normalize-space(.) = "Petrol"]
19:44:52. [Test worker] INFO  manager.MyListener - Start search element-->By.id: gear
19:44:52. [Test worker] INFO  manager.MyListener - Found ---> By.id: gear
19:44:52. [Test worker] INFO  manager.MyListener - Start search element-->By.xpath: .//option[normalize-space(.) = "AT"]
19:44:52. [Test worker] INFO  manager.MyListener - Found ---> By.xpath: .//option[normalize-space(.) = "AT"]
19:44:52. [Test worker] INFO  manager.MyListener - Start search element-->By.id: wheelsDrive
19:44:52. [Test worker] INFO  manager.MyListener - Found ---> By.id: wheelsDrive
19:44:52. [Test worker] INFO  manager.MyListener - Start search element-->By.xpath: .//option[normalize-space(.) = "RWD"]
19:44:52. [Test worker] INFO  manager.MyListener - Found ---> By.xpath: .//option[normalize-space(.) = "RWD"]
19:44:52. [Test worker] INFO  manager.MyListener - Start search element-->By.id: doors
19:44:52. [Test worker] INFO  manager.MyListener - Found ---> By.id: doors
19:44:52. [Test worker] INFO  manager.MyListener - Start search element-->By.id: seats
19:44:52. [Test worker] INFO  manager.MyListener - Found ---> By.id: seats
19:44:53. [Test worker] INFO  manager.MyListener - Start search element-->By.id: class
19:44:53. [Test worker] INFO  manager.MyListener - Found ---> By.id: class
19:44:53. [Test worker] INFO  manager.MyListener - Start search element-->By.id: fuelConsumption
19:44:53. [Test worker] INFO  manager.MyListener - Found ---> By.id: fuelConsumption
19:44:53. [Test worker] INFO  manager.MyListener - Start search element-->By.id: serialNumber
19:44:53. [Test worker] INFO  manager.MyListener - Found ---> By.id: serialNumber
19:44:53. [Test worker] INFO  manager.MyListener - Start search element-->By.id: price
19:44:53. [Test worker] INFO  manager.MyListener - Found ---> By.id: price
19:44:53. [Test worker] INFO  manager.MyListener - Start search element-->By.id: distance
19:44:53. [Test worker] INFO  manager.MyListener - Found ---> By.id: distance
19:44:53. [Test worker] INFO  manager.MyListener - Start search element-->By.id: photos
19:44:53. [Test worker] INFO  manager.MyListener - Found ---> By.id: photos
19:44:55. [Test worker] INFO  manager.MyListener - Start search element-->By.xpath: //button[text()='Submit']
19:44:55. [Test worker] INFO  manager.MyListener - Found ---> By.xpath: //button[text()='Submit']
19:44:55. [Test worker] INFO  manager.MyListener - Start search element-->By.cssSelector: div.dialog-container
19:45:06. [Test worker] INFO  manager.MyListener - We have a throwable no such element: Unable to locate element: {"method":"css selector","selector":"div.dialog-container"}
  (Session info: chrome=91.0.4472.77)
For documentation on this error, please visit: https://www.seleniumhq.org/exceptions/no_such_element.html
Build info: version: '3.141.59', revision: 'e82be7d358', time: '2018-11-14T08:17:03'
System info: host: 'DESKTOP-832BH2N', ip: '10.0.0.3', os.name: 'Windows 10', os.arch: 'amd64', os.version: '10.0', java.version: '15.0.1'
Driver info: org.openqa.selenium.chrome.ChromeDriver
Capabilities {acceptInsecureCerts: false, browserName: chrome, browserVersion: 91.0.4472.77, chrome: {chromedriverVersion: 91.0.4472.19 (1bf021f248676..., userDataDir: C:\Users\Stebelev\AppData\L...}, goog:chromeOptions: {debuggerAddress: localhost:50725}, javascriptEnabled: true, networkConnectionEnabled: false, pageLoadStrategy: normal, platform: WINDOWS, platformName: WINDOWS, proxy: Proxy(), setWindowRect: true, strictFileInteractability: false, timeouts: {implicit: 0, pageLoad: 300000, script: 30000}, unhandledPromptBehavior: dismiss and notify, webauthn:extension:largeBlob: true, webauthn:virtualAuthenticators: true}
Session ID: 1090d8faed4908df5dea35c3ed3d9f11
*** Element info: {Using=css selector, value=div.dialog-container}
19:45:06. [Test worker] INFO  manager.MyListener - Screen with throwable --> src/test/screenshots/screenshot--2931.png
19:45:06. [Test worker] INFO  TestBase - End of method --->createNewCarDataProvider
19:45:06. [Test worker] INFO  TestBase - Start method -->createNewCarDataProvider
19:45:06. [Test worker] INFO  TestBase - With param---->[models.Car@2d3549e8]
19:45:06. [Test worker] INFO  manager.MyListener - Start search element-->By.xpath: //a[text()=' Logout ']
19:45:06. [Test worker] INFO  manager.MyListener - Found ---> By.xpath: //a[text()=' Logout ']
Listener TestsNG startnullcreateNewCarDataProvider
19:45:06. [Test worker] INFO  manager.MyListenerTestNG - Listener TestsNG startnullcreateNewCarDataProvider
19:45:06. [Test worker] INFO  manager.MyListener - Start search element-->By.xpath: //a[@href='/let-car-work']
19:45:06. [Test worker] INFO  manager.MyListener - Found ---> By.xpath: //a[@href='/let-car-work']
19:45:06. [Test worker] INFO  manager.MyListener - Start search element-->By.xpath: //a[@id='1']
19:45:06. [Test worker] INFO  manager.MyListener - Found ---> By.xpath: //a[@id='1']
19:45:06. [Test worker] INFO  manager.MyListener - Start search element-->By.id: pickUpPlace
19:45:06. [Test worker] INFO  manager.MyListener - Found ---> By.id: pickUpPlace
19:45:06. [Test worker] INFO  manager.MyListener - Start search element-->By.cssSelector: div.pac-item
19:45:07. [Test worker] INFO  manager.MyListener - Found ---> By.cssSelector: div.pac-item
19:45:09. [Test worker] INFO  manager.MyListener - Start search element-->By.id: make
19:45:09. [Test worker] INFO  manager.MyListener - Found ---> By.id: make
19:45:09. [Test worker] INFO  manager.MyListener - Start search element-->By.id: model
19:45:09. [Test worker] INFO  manager.MyListener - Found ---> By.id: model
19:45:09. [Test worker] INFO  manager.MyListener - Start search element-->By.id: year
19:45:09. [Test worker] INFO  manager.MyListener - Found ---> By.id: year
19:45:09. [Test worker] INFO  manager.MyListener - Start search element-->By.id: engine
19:45:09. [Test worker] INFO  manager.MyListener - Found ---> By.id: engine
19:45:09. [Test worker] INFO  manager.MyListener - Start search element-->By.id: fuel
19:45:09. [Test worker] INFO  manager.MyListener - Found ---> By.id: fuel
19:45:10. [Test worker] INFO  manager.MyListener - Start search element-->By.xpath: .//option[normalize-space(.) = "Petrol"]
19:45:10. [Test worker] INFO  manager.MyListener - Found ---> By.xpath: .//option[normalize-space(.) = "Petrol"]
19:45:10. [Test worker] INFO  manager.MyListener - Start search element-->By.id: gear
19:45:10. [Test worker] INFO  manager.MyListener - Found ---> By.id: gear
19:45:10. [Test worker] INFO  manager.MyListener - Start search element-->By.xpath: .//option[normalize-space(.) = "AT"]
19:45:10. [Test worker] INFO  manager.MyListener - Found ---> By.xpath: .//option[normalize-space(.) = "AT"]
19:45:10. [Test worker] INFO  manager.MyListener - Start search element-->By.id: wheelsDrive
19:45:10. [Test worker] INFO  manager.MyListener - Found ---> By.id: wheelsDrive
19:45:10. [Test worker] INFO  manager.MyListener - Start search element-->By.xpath: .//option[normalize-space(.) = "RWD"]
19:45:10. [Test worker] INFO  manager.MyListener - Found ---> By.xpath: .//option[normalize-space(.) = "RWD"]
19:45:10. [Test worker] INFO  manager.MyListener - Start search element-->By.id: doors
19:45:10. [Test worker] INFO  manager.MyListener - Found ---> By.id: doors
19:45:10. [Test worker] INFO  manager.MyListener - Start search element-->By.id: seats
19:45:10. [Test worker] INFO  manager.MyListener - Found ---> By.id: seats
19:45:10. [Test worker] INFO  manager.MyListener - Start search element-->By.id: class
19:45:10. [Test worker] INFO  manager.MyListener - Found ---> By.id: class
19:45:10. [Test worker] INFO  manager.MyListener - Start search element-->By.id: fuelConsumption
19:45:10. [Test worker] INFO  manager.MyListener - Found ---> By.id: fuelConsumption
19:45:10. [Test worker] INFO  manager.MyListener - Start search element-->By.id: serialNumber
19:45:10. [Test worker] INFO  manager.MyListener - Found ---> By.id: serialNumber
19:45:11. [Test worker] INFO  manager.MyListener - Start search element-->By.id: price
19:45:11. [Test worker] INFO  manager.MyListener - Found ---> By.id: price
19:45:11. [Test worker] INFO  manager.MyListener - Start search element-->By.id: distance
19:45:11. [Test worker] INFO  manager.MyListener - Found ---> By.id: distance
19:45:11. [Test worker] INFO  manager.MyListener - Start search element-->By.id: photos
19:45:11. [Test worker] INFO  manager.MyListener - Found ---> By.id: photos
19:45:13. [Test worker] INFO  manager.MyListener - Start search element-->By.xpath: //button[text()='Submit']
19:45:13. [Test worker] INFO  manager.MyListener - Found ---> By.xpath: //button[text()='Submit']
19:45:13. [Test worker] INFO  manager.MyListener - Start search element-->By.cssSelector: div.dialog-container
19:45:23. [Test worker] INFO  manager.MyListener - We have a throwable no such element: Unable to locate element: {"method":"css selector","selector":"div.dialog-container"}
  (Session info: chrome=91.0.4472.77)
For documentation on this error, please visit: https://www.seleniumhq.org/exceptions/no_such_element.html
Build info: version: '3.141.59', revision: 'e82be7d358', time: '2018-11-14T08:17:03'
System info: host: 'DESKTOP-832BH2N', ip: '10.0.0.3', os.name: 'Windows 10', os.arch: 'amd64', os.version: '10.0', java.version: '15.0.1'
Driver info: org.openqa.selenium.chrome.ChromeDriver
Capabilities {acceptInsecureCerts: false, browserName: chrome, browserVersion: 91.0.4472.77, chrome: {chromedriverVersion: 91.0.4472.19 (1bf021f248676..., userDataDir: C:\Users\Stebelev\AppData\L...}, goog:chromeOptions: {debuggerAddress: localhost:50725}, javascriptEnabled: true, networkConnectionEnabled: false, pageLoadStrategy: normal, platform: WINDOWS, platformName: WINDOWS, proxy: Proxy(), setWindowRect: true, strictFileInteractability: false, timeouts: {implicit: 0, pageLoad: 300000, script: 30000}, unhandledPromptBehavior: dismiss and notify, webauthn:extension:largeBlob: true, webauthn:virtualAuthenticators: true}
Session ID: 1090d8faed4908df5dea35c3ed3d9f11
*** Element info: {Using=css selector, value=div.dialog-container}
19:45:23. [Test worker] INFO  manager.MyListener - Screen with throwable --> src/test/screenshots/screenshot--2914.png
19:45:23. [Test worker] INFO  TestBase - End of method --->createNewCarDataProvider
]]></system-out>
  <system-err><![CDATA[]]></system-err>
</testsuite>
