<!DOCTYPE html>
<html>
<head>
<meta http-equiv="Content-Type" content="text/html; charset=utf-8"/>
<meta http-equiv="x-ua-compatible" content="IE=edge"/>
<title>Test results - Class CreateNewCarTest</title>
<link href="../css/base-style.css" rel="stylesheet" type="text/css"/>
<link href="../css/style.css" rel="stylesheet" type="text/css"/>
<script src="../js/report.js" type="text/javascript"></script>
</head>
<body>
<div id="content">
<h1>Class CreateNewCarTest</h1>
<div class="breadcrumbs">
<a href="../index.html">all</a> &gt; 
<a href="../packages/default-package.html">default-package</a> &gt; CreateNewCarTest</div>
<div id="summary">
<table>
<tr>
<td>
<div class="summaryGroup">
<table>
<tr>
<td>
<div class="infoBox" id="tests">
<div class="counter">3</div>
<p>tests</p>
</div>
</td>
<td>
<div class="infoBox" id="failures">
<div class="counter">3</div>
<p>failures</p>
</div>
</td>
<td>
<div class="infoBox" id="ignored">
<div class="counter">0</div>
<p>ignored</p>
</div>
</td>
<td>
<div class="infoBox" id="duration">
<div class="counter">45.462s</div>
<p>duration</p>
</div>
</td>
</tr>
</table>
</div>
</td>
<td>
<div class="infoBox failures" id="successRate">
<div class="percent">0%</div>
<p>successful</p>
</div>
</td>
</tr>
</table>
</div>
<div id="tabs">
<ul class="tabLinks">
<li>
<a href="#tab0">Failed tests</a>
</li>
<li>
<a href="#tab1">Tests</a>
</li>
<li>
<a href="#tab2">Standard output</a>
</li>
</ul>
<div id="tab0" class="tab">
<h2>Failed tests</h2>
<div class="test">
<a name="createNewCar"></a>
<h3 class="failures">createNewCar</h3>
<span class="code">
<pre>java.lang.AssertionError: expected [true] but found [false]
	at org.testng.Assert.fail(Assert.java:97)
	at org.testng.Assert.failNotEquals(Assert.java:969)
	at org.testng.Assert.assertTrue(Assert.java:43)
	at org.testng.Assert.assertTrue(Assert.java:53)
	at CreateNewCarTest.createNewCar(CreateNewCarTest.java:47)
	at java.base/jdk.internal.reflect.NativeMethodAccessorImpl.invoke0(Native Method)
	at java.base/jdk.internal.reflect.NativeMethodAccessorImpl.invoke(NativeMethodAccessorImpl.java:64)
	at java.base/jdk.internal.reflect.DelegatingMethodAccessorImpl.invoke(DelegatingMethodAccessorImpl.java:43)
	at java.base/java.lang.reflect.Method.invoke(Method.java:564)
	at org.testng.internal.MethodInvocationHelper.invokeMethod(MethodInvocationHelper.java:134)
	at org.testng.internal.TestInvoker.invokeMethod(TestInvoker.java:597)
	at org.testng.internal.TestInvoker.invokeTestMethod(TestInvoker.java:173)
	at org.testng.internal.MethodRunner.runInSequence(MethodRunner.java:46)
	at org.testng.internal.TestInvoker$MethodInvocationAgent.invoke(TestInvoker.java:816)
	at org.testng.internal.TestInvoker.invokeTestMethods(TestInvoker.java:146)
	at org.testng.internal.TestMethodWorker.invokeTestMethods(TestMethodWorker.java:146)
	at org.testng.internal.TestMethodWorker.run(TestMethodWorker.java:128)
	at java.base/java.util.ArrayList.forEach(ArrayList.java:1511)
	at org.testng.TestRunner.privateRun(TestRunner.java:766)
	at org.testng.TestRunner.run(TestRunner.java:587)
	at org.testng.SuiteRunner.runTest(SuiteRunner.java:384)
	at org.testng.SuiteRunner.runSequentially(SuiteRunner.java:378)
	at org.testng.SuiteRunner.privateRun(SuiteRunner.java:337)
	at org.testng.SuiteRunner.run(SuiteRunner.java:286)
	at org.testng.SuiteRunnerWorker.runSuite(SuiteRunnerWorker.java:53)
	at org.testng.SuiteRunnerWorker.run(SuiteRunnerWorker.java:96)
	at org.testng.TestNG.runSuitesSequentially(TestNG.java:1187)
	at org.testng.TestNG.runSuitesLocally(TestNG.java:1109)
	at org.testng.TestNG.runSuites(TestNG.java:1039)
	at org.testng.TestNG.run(TestNG.java:1007)
	at org.gradle.api.internal.tasks.testing.testng.TestNGTestClassProcessor.runTests(TestNGTestClassProcessor.java:141)
	at org.gradle.api.internal.tasks.testing.testng.TestNGTestClassProcessor.stop(TestNGTestClassProcessor.java:90)
	at org.gradle.api.internal.tasks.testing.SuiteTestClassProcessor.stop(SuiteTestClassProcessor.java:61)
	at java.base/jdk.internal.reflect.NativeMethodAccessorImpl.invoke0(Native Method)
	at java.base/jdk.internal.reflect.NativeMethodAccessorImpl.invoke(NativeMethodAccessorImpl.java:64)
	at java.base/jdk.internal.reflect.DelegatingMethodAccessorImpl.invoke(DelegatingMethodAccessorImpl.java:43)
	at java.base/java.lang.reflect.Method.invoke(Method.java:564)
	at org.gradle.internal.dispatch.ReflectionDispatch.dispatch(ReflectionDispatch.java:36)
	at org.gradle.internal.dispatch.ReflectionDispatch.dispatch(ReflectionDispatch.java:24)
	at org.gradle.internal.dispatch.ContextClassLoaderDispatch.dispatch(ContextClassLoaderDispatch.java:33)
	at org.gradle.internal.dispatch.ProxyDispatchAdapter$DispatchingInvocationHandler.invoke(ProxyDispatchAdapter.java:94)
	at com.sun.proxy.$Proxy2.stop(Unknown Source)
	at org.gradle.api.internal.tasks.testing.worker.TestWorker.stop(TestWorker.java:133)
	at java.base/jdk.internal.reflect.NativeMethodAccessorImpl.invoke0(Native Method)
	at java.base/jdk.internal.reflect.NativeMethodAccessorImpl.invoke(NativeMethodAccessorImpl.java:64)
	at java.base/jdk.internal.reflect.DelegatingMethodAccessorImpl.invoke(DelegatingMethodAccessorImpl.java:43)
	at java.base/java.lang.reflect.Method.invoke(Method.java:564)
	at org.gradle.internal.dispatch.ReflectionDispatch.dispatch(ReflectionDispatch.java:36)
	at org.gradle.internal.dispatch.ReflectionDispatch.dispatch(ReflectionDispatch.java:24)
	at org.gradle.internal.remote.internal.hub.MessageHubBackedObjectConnection$DispatchWrapper.dispatch(MessageHubBackedObjectConnection.java:182)
	at org.gradle.internal.remote.internal.hub.MessageHubBackedObjectConnection$DispatchWrapper.dispatch(MessageHubBackedObjectConnection.java:164)
	at org.gradle.internal.remote.internal.hub.MessageHub$Handler.run(MessageHub.java:414)
	at org.gradle.internal.concurrent.ExecutorPolicy$CatchAndRecordFailures.onExecute(ExecutorPolicy.java:64)
	at org.gradle.internal.concurrent.ManagedExecutorImpl$1.run(ManagedExecutorImpl.java:48)
	at java.base/java.util.concurrent.ThreadPoolExecutor.runWorker(ThreadPoolExecutor.java:1130)
	at java.base/java.util.concurrent.ThreadPoolExecutor$Worker.run(ThreadPoolExecutor.java:630)
	at org.gradle.internal.concurrent.ThreadFactoryImpl$ManagedThreadRunnable.run(ThreadFactoryImpl.java:56)
	at java.base/java.lang.Thread.run(Thread.java:832)
</pre>
</span>
</div>
<div class="test">
<a name="createNewCarDataProvider[0](models.Car@19eac12c)"></a>
<h3 class="failures">createNewCarDataProvider[0](models.Car@19eac12c)</h3>
<span class="code">
<pre>org.openqa.selenium.NoSuchElementException: no such element: Unable to locate element: {&quot;method&quot;:&quot;css selector&quot;,&quot;selector&quot;:&quot;div.dialog-container&quot;}
  (Session info: chrome=91.0.4472.77)
For documentation on this error, please visit: https://www.seleniumhq.org/exceptions/no_such_element.html
Build info: version: '3.141.59', revision: 'e82be7d358', time: '2018-11-14T08:17:03'
System info: host: 'DESKTOP-832BH2N', ip: '10.0.0.3', os.name: 'Windows 10', os.arch: 'amd64', os.version: '10.0', java.version: '15.0.1'
Driver info: org.openqa.selenium.chrome.ChromeDriver
Capabilities {acceptInsecureCerts: false, browserName: chrome, browserVersion: 91.0.4472.77, chrome: {chromedriverVersion: 91.0.4472.19 (1bf021f248676..., userDataDir: C:\Users\Stebelev\AppData\L...}, goog:chromeOptions: {debuggerAddress: localhost:50725}, javascriptEnabled: true, networkConnectionEnabled: false, pageLoadStrategy: normal, platform: WINDOWS, platformName: WINDOWS, proxy: Proxy(), setWindowRect: true, strictFileInteractability: false, timeouts: {implicit: 0, pageLoad: 300000, script: 30000}, unhandledPromptBehavior: dismiss and notify, webauthn:extension:largeBlob: true, webauthn:virtualAuthenticators: true}
Session ID: 1090d8faed4908df5dea35c3ed3d9f11
*** Element info: {Using=css selector, value=div.dialog-container}
	at java.base/jdk.internal.reflect.NativeConstructorAccessorImpl.newInstance0(Native Method)
	at java.base/jdk.internal.reflect.NativeConstructorAccessorImpl.newInstance(NativeConstructorAccessorImpl.java:64)
	at java.base/jdk.internal.reflect.DelegatingConstructorAccessorImpl.newInstance(DelegatingConstructorAccessorImpl.java:45)
	at java.base/java.lang.reflect.Constructor.newInstanceWithCaller(Constructor.java:500)
	at java.base/java.lang.reflect.Constructor.newInstance(Constructor.java:481)
	at org.openqa.selenium.remote.http.W3CHttpResponseCodec.createException(W3CHttpResponseCodec.java:187)
	at org.openqa.selenium.remote.http.W3CHttpResponseCodec.decode(W3CHttpResponseCodec.java:122)
	at org.openqa.selenium.remote.http.W3CHttpResponseCodec.decode(W3CHttpResponseCodec.java:49)
	at org.openqa.selenium.remote.HttpCommandExecutor.execute(HttpCommandExecutor.java:158)
	at org.openqa.selenium.remote.service.DriverCommandExecutor.execute(DriverCommandExecutor.java:83)
	at org.openqa.selenium.remote.RemoteWebDriver.execute(RemoteWebDriver.java:552)
	at org.openqa.selenium.remote.RemoteWebDriver.findElement(RemoteWebDriver.java:323)
	at org.openqa.selenium.remote.RemoteWebDriver.findElementByCssSelector(RemoteWebDriver.java:420)
	at org.openqa.selenium.By$ByCssSelector.findElement(By.java:431)
	at org.openqa.selenium.remote.RemoteWebDriver.findElement(RemoteWebDriver.java:315)
	at jdk.internal.reflect.GeneratedMethodAccessor3.invoke(Unknown Source)
	at java.base/jdk.internal.reflect.DelegatingMethodAccessorImpl.invoke(DelegatingMethodAccessorImpl.java:43)
	at java.base/java.lang.reflect.Method.invoke(Method.java:564)
	at org.openqa.selenium.support.events.EventFiringWebDriver.lambda$new$1(EventFiringWebDriver.java:105)
	at com.sun.proxy.$Proxy16.findElement(Unknown Source)
	at org.openqa.selenium.support.events.EventFiringWebDriver.findElement(EventFiringWebDriver.java:194)
	at manager.CarHelper.isCarAdded(CarHelper.java:47)
	at CreateNewCarTest.createNewCarDataProvider(CreateNewCarTest.java:63)
	at java.base/jdk.internal.reflect.NativeMethodAccessorImpl.invoke0(Native Method)
	at java.base/jdk.internal.reflect.NativeMethodAccessorImpl.invoke(NativeMethodAccessorImpl.java:64)
	at java.base/jdk.internal.reflect.DelegatingMethodAccessorImpl.invoke(DelegatingMethodAccessorImpl.java:43)
	at java.base/java.lang.reflect.Method.invoke(Method.java:564)
	at org.testng.internal.MethodInvocationHelper.invokeMethod(MethodInvocationHelper.java:134)
	at org.testng.internal.TestInvoker.invokeMethod(TestInvoker.java:597)
	at org.testng.internal.TestInvoker.invokeTestMethod(TestInvoker.java:173)
	at org.testng.internal.MethodRunner.runInSequence(MethodRunner.java:46)
	at org.testng.internal.TestInvoker$MethodInvocationAgent.invoke(TestInvoker.java:816)
	at org.testng.internal.TestInvoker.invokeTestMethods(TestInvoker.java:146)
	at org.testng.internal.TestMethodWorker.invokeTestMethods(TestMethodWorker.java:146)
	at org.testng.internal.TestMethodWorker.run(TestMethodWorker.java:128)
	at java.base/java.util.ArrayList.forEach(ArrayList.java:1511)
	at org.testng.TestRunner.privateRun(TestRunner.java:766)
	at org.testng.TestRunner.run(TestRunner.java:587)
	at org.testng.SuiteRunner.runTest(SuiteRunner.java:384)
	at org.testng.SuiteRunner.runSequentially(SuiteRunner.java:378)
	at org.testng.SuiteRunner.privateRun(SuiteRunner.java:337)
	at org.testng.SuiteRunner.run(SuiteRunner.java:286)
	at org.testng.SuiteRunnerWorker.runSuite(SuiteRunnerWorker.java:53)
	at org.testng.SuiteRunnerWorker.run(SuiteRunnerWorker.java:96)
	at org.testng.TestNG.runSuitesSequentially(TestNG.java:1187)
	at org.testng.TestNG.runSuitesLocally(TestNG.java:1109)
	at org.testng.TestNG.runSuites(TestNG.java:1039)
	at org.testng.TestNG.run(TestNG.java:1007)
	at org.gradle.api.internal.tasks.testing.testng.TestNGTestClassProcessor.runTests(TestNGTestClassProcessor.java:141)
	at org.gradle.api.internal.tasks.testing.testng.TestNGTestClassProcessor.stop(TestNGTestClassProcessor.java:90)
	at org.gradle.api.internal.tasks.testing.SuiteTestClassProcessor.stop(SuiteTestClassProcessor.java:61)
	at java.base/jdk.internal.reflect.NativeMethodAccessorImpl.invoke0(Native Method)
	at java.base/jdk.internal.reflect.NativeMethodAccessorImpl.invoke(NativeMethodAccessorImpl.java:64)
	at java.base/jdk.internal.reflect.DelegatingMethodAccessorImpl.invoke(DelegatingMethodAccessorImpl.java:43)
	at java.base/java.lang.reflect.Method.invoke(Method.java:564)
	at org.gradle.internal.dispatch.ReflectionDispatch.dispatch(ReflectionDispatch.java:36)
	at org.gradle.internal.dispatch.ReflectionDispatch.dispatch(ReflectionDispatch.java:24)
	at org.gradle.internal.dispatch.ContextClassLoaderDispatch.dispatch(ContextClassLoaderDispatch.java:33)
	at org.gradle.internal.dispatch.ProxyDispatchAdapter$DispatchingInvocationHandler.invoke(ProxyDispatchAdapter.java:94)
	at com.sun.proxy.$Proxy2.stop(Unknown Source)
	at org.gradle.api.internal.tasks.testing.worker.TestWorker.stop(TestWorker.java:133)
	at java.base/jdk.internal.reflect.NativeMethodAccessorImpl.invoke0(Native Method)
	at java.base/jdk.internal.reflect.NativeMethodAccessorImpl.invoke(NativeMethodAccessorImpl.java:64)
	at java.base/jdk.internal.reflect.DelegatingMethodAccessorImpl.invoke(DelegatingMethodAccessorImpl.java:43)
	at java.base/java.lang.reflect.Method.invoke(Method.java:564)
	at org.gradle.internal.dispatch.ReflectionDispatch.dispatch(ReflectionDispatch.java:36)
	at org.gradle.internal.dispatch.ReflectionDispatch.dispatch(ReflectionDispatch.java:24)
	at org.gradle.internal.remote.internal.hub.MessageHubBackedObjectConnection$DispatchWrapper.dispatch(MessageHubBackedObjectConnection.java:182)
	at org.gradle.internal.remote.internal.hub.MessageHubBackedObjectConnection$DispatchWrapper.dispatch(MessageHubBackedObjectConnection.java:164)
	at org.gradle.internal.remote.internal.hub.MessageHub$Handler.run(MessageHub.java:414)
	at org.gradle.internal.concurrent.ExecutorPolicy$CatchAndRecordFailures.onExecute(ExecutorPolicy.java:64)
	at org.gradle.internal.concurrent.ManagedExecutorImpl$1.run(ManagedExecutorImpl.java:48)
	at java.base/java.util.concurrent.ThreadPoolExecutor.runWorker(ThreadPoolExecutor.java:1130)
	at java.base/java.util.concurrent.ThreadPoolExecutor$Worker.run(ThreadPoolExecutor.java:630)
	at org.gradle.internal.concurrent.ThreadFactoryImpl$ManagedThreadRunnable.run(ThreadFactoryImpl.java:56)
	at java.base/java.lang.Thread.run(Thread.java:832)
</pre>
</span>
</div>
<div class="test">
<a name="createNewCarDataProvider[1](models.Car@2d3549e8)"></a>
<h3 class="failures">createNewCarDataProvider[1](models.Car@2d3549e8)</h3>
<span class="code">
<pre>org.openqa.selenium.NoSuchElementException: no such element: Unable to locate element: {&quot;method&quot;:&quot;css selector&quot;,&quot;selector&quot;:&quot;div.dialog-container&quot;}
  (Session info: chrome=91.0.4472.77)
For documentation on this error, please visit: https://www.seleniumhq.org/exceptions/no_such_element.html
Build info: version: '3.141.59', revision: 'e82be7d358', time: '2018-11-14T08:17:03'
System info: host: 'DESKTOP-832BH2N', ip: '10.0.0.3', os.name: 'Windows 10', os.arch: 'amd64', os.version: '10.0', java.version: '15.0.1'
Driver info: org.openqa.selenium.chrome.ChromeDriver
Capabilities {acceptInsecureCerts: false, browserName: chrome, browserVersion: 91.0.4472.77, chrome: {chromedriverVersion: 91.0.4472.19 (1bf021f248676..., userDataDir: C:\Users\Stebelev\AppData\L...}, goog:chromeOptions: {debuggerAddress: localhost:50725}, javascriptEnabled: true, networkConnectionEnabled: false, pageLoadStrategy: normal, platform: WINDOWS, platformName: WINDOWS, proxy: Proxy(), setWindowRect: true, strictFileInteractability: false, timeouts: {implicit: 0, pageLoad: 300000, script: 30000}, unhandledPromptBehavior: dismiss and notify, webauthn:extension:largeBlob: true, webauthn:virtualAuthenticators: true}
Session ID: 1090d8faed4908df5dea35c3ed3d9f11
*** Element info: {Using=css selector, value=div.dialog-container}
	at java.base/jdk.internal.reflect.NativeConstructorAccessorImpl.newInstance0(Native Method)
	at java.base/jdk.internal.reflect.NativeConstructorAccessorImpl.newInstance(NativeConstructorAccessorImpl.java:64)
	at java.base/jdk.internal.reflect.DelegatingConstructorAccessorImpl.newInstance(DelegatingConstructorAccessorImpl.java:45)
	at java.base/java.lang.reflect.Constructor.newInstanceWithCaller(Constructor.java:500)
	at java.base/java.lang.reflect.Constructor.newInstance(Constructor.java:481)
	at org.openqa.selenium.remote.http.W3CHttpResponseCodec.createException(W3CHttpResponseCodec.java:187)
	at org.openqa.selenium.remote.http.W3CHttpResponseCodec.decode(W3CHttpResponseCodec.java:122)
	at org.openqa.selenium.remote.http.W3CHttpResponseCodec.decode(W3CHttpResponseCodec.java:49)
	at org.openqa.selenium.remote.HttpCommandExecutor.execute(HttpCommandExecutor.java:158)
	at org.openqa.selenium.remote.service.DriverCommandExecutor.execute(DriverCommandExecutor.java:83)
	at org.openqa.selenium.remote.RemoteWebDriver.execute(RemoteWebDriver.java:552)
	at org.openqa.selenium.remote.RemoteWebDriver.findElement(RemoteWebDriver.java:323)
	at org.openqa.selenium.remote.RemoteWebDriver.findElementByCssSelector(RemoteWebDriver.java:420)
	at org.openqa.selenium.By$ByCssSelector.findElement(By.java:431)
	at org.openqa.selenium.remote.RemoteWebDriver.findElement(RemoteWebDriver.java:315)
	at jdk.internal.reflect.GeneratedMethodAccessor3.invoke(Unknown Source)
	at java.base/jdk.internal.reflect.DelegatingMethodAccessorImpl.invoke(DelegatingMethodAccessorImpl.java:43)
	at java.base/java.lang.reflect.Method.invoke(Method.java:564)
	at org.openqa.selenium.support.events.EventFiringWebDriver.lambda$new$1(EventFiringWebDriver.java:105)
	at com.sun.proxy.$Proxy16.findElement(Unknown Source)
	at org.openqa.selenium.support.events.EventFiringWebDriver.findElement(EventFiringWebDriver.java:194)
	at manager.CarHelper.isCarAdded(CarHelper.java:47)
	at CreateNewCarTest.createNewCarDataProvider(CreateNewCarTest.java:63)
	at java.base/jdk.internal.reflect.NativeMethodAccessorImpl.invoke0(Native Method)
	at java.base/jdk.internal.reflect.NativeMethodAccessorImpl.invoke(NativeMethodAccessorImpl.java:64)
	at java.base/jdk.internal.reflect.DelegatingMethodAccessorImpl.invoke(DelegatingMethodAccessorImpl.java:43)
	at java.base/java.lang.reflect.Method.invoke(Method.java:564)
	at org.testng.internal.MethodInvocationHelper.invokeMethod(MethodInvocationHelper.java:134)
	at org.testng.internal.TestInvoker.invokeMethod(TestInvoker.java:597)
	at org.testng.internal.TestInvoker.invokeTestMethod(TestInvoker.java:173)
	at org.testng.internal.MethodRunner.runInSequence(MethodRunner.java:46)
	at org.testng.internal.TestInvoker$MethodInvocationAgent.invoke(TestInvoker.java:816)
	at org.testng.internal.TestInvoker.invokeTestMethods(TestInvoker.java:146)
	at org.testng.internal.TestMethodWorker.invokeTestMethods(TestMethodWorker.java:146)
	at org.testng.internal.TestMethodWorker.run(TestMethodWorker.java:128)
	at java.base/java.util.ArrayList.forEach(ArrayList.java:1511)
	at org.testng.TestRunner.privateRun(TestRunner.java:766)
	at org.testng.TestRunner.run(TestRunner.java:587)
	at org.testng.SuiteRunner.runTest(SuiteRunner.java:384)
	at org.testng.SuiteRunner.runSequentially(SuiteRunner.java:378)
	at org.testng.SuiteRunner.privateRun(SuiteRunner.java:337)
	at org.testng.SuiteRunner.run(SuiteRunner.java:286)
	at org.testng.SuiteRunnerWorker.runSuite(SuiteRunnerWorker.java:53)
	at org.testng.SuiteRunnerWorker.run(SuiteRunnerWorker.java:96)
	at org.testng.TestNG.runSuitesSequentially(TestNG.java:1187)
	at org.testng.TestNG.runSuitesLocally(TestNG.java:1109)
	at org.testng.TestNG.runSuites(TestNG.java:1039)
	at org.testng.TestNG.run(TestNG.java:1007)
	at org.gradle.api.internal.tasks.testing.testng.TestNGTestClassProcessor.runTests(TestNGTestClassProcessor.java:141)
	at org.gradle.api.internal.tasks.testing.testng.TestNGTestClassProcessor.stop(TestNGTestClassProcessor.java:90)
	at org.gradle.api.internal.tasks.testing.SuiteTestClassProcessor.stop(SuiteTestClassProcessor.java:61)
	at java.base/jdk.internal.reflect.NativeMethodAccessorImpl.invoke0(Native Method)
	at java.base/jdk.internal.reflect.NativeMethodAccessorImpl.invoke(NativeMethodAccessorImpl.java:64)
	at java.base/jdk.internal.reflect.DelegatingMethodAccessorImpl.invoke(DelegatingMethodAccessorImpl.java:43)
	at java.base/java.lang.reflect.Method.invoke(Method.java:564)
	at org.gradle.internal.dispatch.ReflectionDispatch.dispatch(ReflectionDispatch.java:36)
	at org.gradle.internal.dispatch.ReflectionDispatch.dispatch(ReflectionDispatch.java:24)
	at org.gradle.internal.dispatch.ContextClassLoaderDispatch.dispatch(ContextClassLoaderDispatch.java:33)
	at org.gradle.internal.dispatch.ProxyDispatchAdapter$DispatchingInvocationHandler.invoke(ProxyDispatchAdapter.java:94)
	at com.sun.proxy.$Proxy2.stop(Unknown Source)
	at org.gradle.api.internal.tasks.testing.worker.TestWorker.stop(TestWorker.java:133)
	at java.base/jdk.internal.reflect.NativeMethodAccessorImpl.invoke0(Native Method)
	at java.base/jdk.internal.reflect.NativeMethodAccessorImpl.invoke(NativeMethodAccessorImpl.java:64)
	at java.base/jdk.internal.reflect.DelegatingMethodAccessorImpl.invoke(DelegatingMethodAccessorImpl.java:43)
	at java.base/java.lang.reflect.Method.invoke(Method.java:564)
	at org.gradle.internal.dispatch.ReflectionDispatch.dispatch(ReflectionDispatch.java:36)
	at org.gradle.internal.dispatch.ReflectionDispatch.dispatch(ReflectionDispatch.java:24)
	at org.gradle.internal.remote.internal.hub.MessageHubBackedObjectConnection$DispatchWrapper.dispatch(MessageHubBackedObjectConnection.java:182)
	at org.gradle.internal.remote.internal.hub.MessageHubBackedObjectConnection$DispatchWrapper.dispatch(MessageHubBackedObjectConnection.java:164)
	at org.gradle.internal.remote.internal.hub.MessageHub$Handler.run(MessageHub.java:414)
	at org.gradle.internal.concurrent.ExecutorPolicy$CatchAndRecordFailures.onExecute(ExecutorPolicy.java:64)
	at org.gradle.internal.concurrent.ManagedExecutorImpl$1.run(ManagedExecutorImpl.java:48)
	at java.base/java.util.concurrent.ThreadPoolExecutor.runWorker(ThreadPoolExecutor.java:1130)
	at java.base/java.util.concurrent.ThreadPoolExecutor$Worker.run(ThreadPoolExecutor.java:630)
	at org.gradle.internal.concurrent.ThreadFactoryImpl$ManagedThreadRunnable.run(ThreadFactoryImpl.java:56)
	at java.base/java.lang.Thread.run(Thread.java:832)
</pre>
</span>
</div>
</div>
<div id="tab1" class="tab">
<h2>Tests</h2>
<table>
<thead>
<tr>
<th>Test</th>
<th>Duration</th>
<th>Result</th>
</tr>
</thead>
<tr>
<td class="failures">createNewCar</td>
<td class="failures">8.272s</td>
<td class="failures">failed</td>
</tr>
<tr>
<td class="failures">createNewCarDataProvider[0](models.Car@19eac12c)</td>
<td class="failures">19.806s</td>
<td class="failures">failed</td>
</tr>
<tr>
<td class="failures">createNewCarDataProvider[1](models.Car@2d3549e8)</td>
<td class="failures">17.384s</td>
<td class="failures">failed</td>
</tr>
</table>
</div>
<div id="tab2" class="tab">
<h2>Standard output</h2>
<span class="code">
<pre>19:44:20. [Test worker] INFO  TestBase - Start method --&gt;createNewCar
19:44:20. [Test worker] INFO  TestBase - With param----&gt;[]
19:44:20. [Test worker] INFO  manager.MyListener - Start search element--&gt;By.xpath: //a[text()=' Logout ']
19:44:35. [Test worker] INFO  manager.MyListener - Found ---&gt; By.xpath: //a[text()=' Logout ']
19:44:35. [Test worker] INFO  manager.MyListener - Start search element--&gt;By.xpath: //a[text()=' Log in ']
19:44:35. [Test worker] INFO  manager.MyListener - Found ---&gt; By.xpath: //a[text()=' Log in ']
19:44:35. [Test worker] INFO  manager.MyListener - Start search element--&gt;By.id: email
19:44:35. [Test worker] INFO  manager.MyListener - Found ---&gt; By.id: email
19:44:35. [Test worker] INFO  manager.MyListener - Start search element--&gt;By.id: password
19:44:35. [Test worker] INFO  manager.MyListener - Found ---&gt; By.id: password
19:44:35. [Test worker] INFO  manager.MyListener - Start search element--&gt;By.xpath: //button[@type='submit']
19:44:35. [Test worker] INFO  manager.MyListener - Found ---&gt; By.xpath: //button[@type='submit']
19:44:38. [Test worker] INFO  manager.MyListener - Start search element--&gt;By.xpath: //button[text()='Ok']
19:44:38. [Test worker] INFO  manager.MyListener - Found ---&gt; By.xpath: //button[text()='Ok']
Listener TestsNG startnullcreateNewCar
19:44:38. [Test worker] INFO  manager.MyListenerTestNG - Listener TestsNG startnullcreateNewCar
19:44:38. [Test worker] INFO  manager.MyListener - Start search element--&gt;By.xpath: //a[@href='/let-car-work']
19:44:38. [Test worker] INFO  manager.MyListener - Found ---&gt; By.xpath: //a[@href='/let-car-work']
19:44:38. [Test worker] INFO  manager.MyListener - Start search element--&gt;By.xpath: //a[@id='1']
19:44:38. [Test worker] INFO  manager.MyListener - Found ---&gt; By.xpath: //a[@id='1']
19:44:38. [Test worker] INFO  manager.MyListener - Start search element--&gt;By.id: pickUpPlace
19:44:38. [Test worker] INFO  manager.MyListener - Found ---&gt; By.id: pickUpPlace
19:44:38. [Test worker] INFO  manager.MyListener - Start search element--&gt;By.cssSelector: div.pac-item
19:44:38. [Test worker] INFO  manager.MyListener - Found ---&gt; By.cssSelector: div.pac-item
19:44:40. [Test worker] INFO  manager.MyListener - Start search element--&gt;By.id: make
19:44:40. [Test worker] INFO  manager.MyListener - Found ---&gt; By.id: make
19:44:41. [Test worker] INFO  manager.MyListener - Start search element--&gt;By.id: model
19:44:41. [Test worker] INFO  manager.MyListener - Found ---&gt; By.id: model
19:44:41. [Test worker] INFO  manager.MyListener - Start search element--&gt;By.id: year
19:44:41. [Test worker] INFO  manager.MyListener - Found ---&gt; By.id: year
19:44:41. [Test worker] INFO  manager.MyListener - Start search element--&gt;By.id: engine
19:44:41. [Test worker] INFO  manager.MyListener - Found ---&gt; By.id: engine
19:44:41. [Test worker] INFO  manager.MyListener - Start search element--&gt;By.id: fuel
19:44:41. [Test worker] INFO  manager.MyListener - Found ---&gt; By.id: fuel
19:44:41. [Test worker] INFO  manager.MyListener - Start search element--&gt;By.xpath: .//option[normalize-space(.) = &quot;Petrol&quot;]
19:44:41. [Test worker] INFO  manager.MyListener - Found ---&gt; By.xpath: .//option[normalize-space(.) = &quot;Petrol&quot;]
19:44:41. [Test worker] INFO  manager.MyListener - Start search element--&gt;By.id: gear
19:44:41. [Test worker] INFO  manager.MyListener - Found ---&gt; By.id: gear
19:44:41. [Test worker] INFO  manager.MyListener - Start search element--&gt;By.xpath: .//option[normalize-space(.) = &quot;AT&quot;]
19:44:41. [Test worker] INFO  manager.MyListener - Found ---&gt; By.xpath: .//option[normalize-space(.) = &quot;AT&quot;]
19:44:41. [Test worker] INFO  manager.MyListener - Start search element--&gt;By.id: wheelsDrive
19:44:42. [Test worker] INFO  manager.MyListener - Found ---&gt; By.id: wheelsDrive
19:44:42. [Test worker] INFO  manager.MyListener - Start search element--&gt;By.xpath: .//option[normalize-space(.) = &quot;RWD&quot;]
19:44:42. [Test worker] INFO  manager.MyListener - Found ---&gt; By.xpath: .//option[normalize-space(.) = &quot;RWD&quot;]
19:44:42. [Test worker] INFO  manager.MyListener - Start search element--&gt;By.id: doors
19:44:42. [Test worker] INFO  manager.MyListener - Found ---&gt; By.id: doors
19:44:42. [Test worker] INFO  manager.MyListener - Start search element--&gt;By.id: seats
19:44:42. [Test worker] INFO  manager.MyListener - Found ---&gt; By.id: seats
19:44:42. [Test worker] INFO  manager.MyListener - Start search element--&gt;By.id: class
19:44:42. [Test worker] INFO  manager.MyListener - Found ---&gt; By.id: class
19:44:42. [Test worker] INFO  manager.MyListener - Start search element--&gt;By.id: fuelConsumption
19:44:42. [Test worker] INFO  manager.MyListener - Found ---&gt; By.id: fuelConsumption
19:44:42. [Test worker] INFO  manager.MyListener - Start search element--&gt;By.id: serialNumber
19:44:42. [Test worker] INFO  manager.MyListener - Found ---&gt; By.id: serialNumber
19:44:42. [Test worker] INFO  manager.MyListener - Start search element--&gt;By.id: price
19:44:42. [Test worker] INFO  manager.MyListener - Found ---&gt; By.id: price
19:44:43. [Test worker] INFO  manager.MyListener - Start search element--&gt;By.id: distance
19:44:43. [Test worker] INFO  manager.MyListener - Found ---&gt; By.id: distance
19:44:43. [Test worker] INFO  manager.MyListener - Start search element--&gt;By.id: photos
19:44:43. [Test worker] INFO  manager.MyListener - Found ---&gt; By.id: photos
19:44:45. [Test worker] INFO  manager.MyListener - Start search element--&gt;By.xpath: //button[text()='Submit']
19:44:45. [Test worker] INFO  manager.MyListener - Found ---&gt; By.xpath: //button[text()='Submit']
19:44:45. [Test worker] INFO  manager.MyListener - Start search element--&gt;By.cssSelector: div.dialog-container
19:44:46. [Test worker] INFO  manager.MyListener - Found ---&gt; By.cssSelector: div.dialog-container
19:44:46. [Test worker] INFO  manager.MyListener - Start search element--&gt;By.cssSelector: div.dialog-container h1
19:44:46. [Test worker] INFO  manager.MyListener - Found ---&gt; By.cssSelector: div.dialog-container h1
19:44:46. [Test worker] INFO  TestBase - End of method ---&gt;createNewCar
19:44:46. [Test worker] INFO  TestBase - Start method --&gt;createNewCarDataProvider
19:44:46. [Test worker] INFO  TestBase - With param----&gt;[models.Car@19eac12c]
19:44:46. [Test worker] INFO  manager.MyListener - Start search element--&gt;By.xpath: //a[text()=' Logout ']
19:44:46. [Test worker] INFO  manager.MyListener - Found ---&gt; By.xpath: //a[text()=' Logout ']
Listener TestsNG startnullcreateNewCarDataProvider
19:44:46. [Test worker] INFO  manager.MyListenerTestNG - Listener TestsNG startnullcreateNewCarDataProvider
19:44:46. [Test worker] INFO  manager.MyListener - Start search element--&gt;By.xpath: //a[@href='/let-car-work']
19:44:46. [Test worker] INFO  manager.MyListener - Found ---&gt; By.xpath: //a[@href='/let-car-work']
19:44:49. [Test worker] INFO  manager.MyListener - Start search element--&gt;By.xpath: //a[@id='1']
19:44:49. [Test worker] INFO  manager.MyListener - Found ---&gt; By.xpath: //a[@id='1']
19:44:49. [Test worker] INFO  manager.MyListener - Start search element--&gt;By.id: pickUpPlace
19:44:49. [Test worker] INFO  manager.MyListener - Found ---&gt; By.id: pickUpPlace
19:44:49. [Test worker] INFO  manager.MyListener - Start search element--&gt;By.cssSelector: div.pac-item
19:44:50. [Test worker] INFO  manager.MyListener - Found ---&gt; By.cssSelector: div.pac-item
19:44:52. [Test worker] INFO  manager.MyListener - Start search element--&gt;By.id: make
19:44:52. [Test worker] INFO  manager.MyListener - Found ---&gt; By.id: make
19:44:52. [Test worker] INFO  manager.MyListener - Start search element--&gt;By.id: model
19:44:52. [Test worker] INFO  manager.MyListener - Found ---&gt; By.id: model
19:44:52. [Test worker] INFO  manager.MyListener - Start search element--&gt;By.id: year
19:44:52. [Test worker] INFO  manager.MyListener - Found ---&gt; By.id: year
19:44:52. [Test worker] INFO  manager.MyListener - Start search element--&gt;By.id: engine
19:44:52. [Test worker] INFO  manager.MyListener - Found ---&gt; By.id: engine
19:44:52. [Test worker] INFO  manager.MyListener - Start search element--&gt;By.id: fuel
19:44:52. [Test worker] INFO  manager.MyListener - Found ---&gt; By.id: fuel
19:44:52. [Test worker] INFO  manager.MyListener - Start search element--&gt;By.xpath: .//option[normalize-space(.) = &quot;Petrol&quot;]
19:44:52. [Test worker] INFO  manager.MyListener - Found ---&gt; By.xpath: .//option[normalize-space(.) = &quot;Petrol&quot;]
19:44:52. [Test worker] INFO  manager.MyListener - Start search element--&gt;By.id: gear
19:44:52. [Test worker] INFO  manager.MyListener - Found ---&gt; By.id: gear
19:44:52. [Test worker] INFO  manager.MyListener - Start search element--&gt;By.xpath: .//option[normalize-space(.) = &quot;AT&quot;]
19:44:52. [Test worker] INFO  manager.MyListener - Found ---&gt; By.xpath: .//option[normalize-space(.) = &quot;AT&quot;]
19:44:52. [Test worker] INFO  manager.MyListener - Start search element--&gt;By.id: wheelsDrive
19:44:52. [Test worker] INFO  manager.MyListener - Found ---&gt; By.id: wheelsDrive
19:44:52. [Test worker] INFO  manager.MyListener - Start search element--&gt;By.xpath: .//option[normalize-space(.) = &quot;RWD&quot;]
19:44:52. [Test worker] INFO  manager.MyListener - Found ---&gt; By.xpath: .//option[normalize-space(.) = &quot;RWD&quot;]
19:44:52. [Test worker] INFO  manager.MyListener - Start search element--&gt;By.id: doors
19:44:52. [Test worker] INFO  manager.MyListener - Found ---&gt; By.id: doors
19:44:52. [Test worker] INFO  manager.MyListener - Start search element--&gt;By.id: seats
19:44:52. [Test worker] INFO  manager.MyListener - Found ---&gt; By.id: seats
19:44:53. [Test worker] INFO  manager.MyListener - Start search element--&gt;By.id: class
19:44:53. [Test worker] INFO  manager.MyListener - Found ---&gt; By.id: class
19:44:53. [Test worker] INFO  manager.MyListener - Start search element--&gt;By.id: fuelConsumption
19:44:53. [Test worker] INFO  manager.MyListener - Found ---&gt; By.id: fuelConsumption
19:44:53. [Test worker] INFO  manager.MyListener - Start search element--&gt;By.id: serialNumber
19:44:53. [Test worker] INFO  manager.MyListener - Found ---&gt; By.id: serialNumber
19:44:53. [Test worker] INFO  manager.MyListener - Start search element--&gt;By.id: price
19:44:53. [Test worker] INFO  manager.MyListener - Found ---&gt; By.id: price
19:44:53. [Test worker] INFO  manager.MyListener - Start search element--&gt;By.id: distance
19:44:53. [Test worker] INFO  manager.MyListener - Found ---&gt; By.id: distance
19:44:53. [Test worker] INFO  manager.MyListener - Start search element--&gt;By.id: photos
19:44:53. [Test worker] INFO  manager.MyListener - Found ---&gt; By.id: photos
19:44:55. [Test worker] INFO  manager.MyListener - Start search element--&gt;By.xpath: //button[text()='Submit']
19:44:55. [Test worker] INFO  manager.MyListener - Found ---&gt; By.xpath: //button[text()='Submit']
19:44:55. [Test worker] INFO  manager.MyListener - Start search element--&gt;By.cssSelector: div.dialog-container
19:45:06. [Test worker] INFO  manager.MyListener - We have a throwable no such element: Unable to locate element: {&quot;method&quot;:&quot;css selector&quot;,&quot;selector&quot;:&quot;div.dialog-container&quot;}
  (Session info: chrome=91.0.4472.77)
For documentation on this error, please visit: https://www.seleniumhq.org/exceptions/no_such_element.html
Build info: version: '3.141.59', revision: 'e82be7d358', time: '2018-11-14T08:17:03'
System info: host: 'DESKTOP-832BH2N', ip: '10.0.0.3', os.name: 'Windows 10', os.arch: 'amd64', os.version: '10.0', java.version: '15.0.1'
Driver info: org.openqa.selenium.chrome.ChromeDriver
Capabilities {acceptInsecureCerts: false, browserName: chrome, browserVersion: 91.0.4472.77, chrome: {chromedriverVersion: 91.0.4472.19 (1bf021f248676..., userDataDir: C:\Users\Stebelev\AppData\L...}, goog:chromeOptions: {debuggerAddress: localhost:50725}, javascriptEnabled: true, networkConnectionEnabled: false, pageLoadStrategy: normal, platform: WINDOWS, platformName: WINDOWS, proxy: Proxy(), setWindowRect: true, strictFileInteractability: false, timeouts: {implicit: 0, pageLoad: 300000, script: 30000}, unhandledPromptBehavior: dismiss and notify, webauthn:extension:largeBlob: true, webauthn:virtualAuthenticators: true}
Session ID: 1090d8faed4908df5dea35c3ed3d9f11
*** Element info: {Using=css selector, value=div.dialog-container}
19:45:06. [Test worker] INFO  manager.MyListener - Screen with throwable --&gt; src/test/screenshots/screenshot--2931.png
19:45:06. [Test worker] INFO  TestBase - End of method ---&gt;createNewCarDataProvider
19:45:06. [Test worker] INFO  TestBase - Start method --&gt;createNewCarDataProvider
19:45:06. [Test worker] INFO  TestBase - With param----&gt;[models.Car@2d3549e8]
19:45:06. [Test worker] INFO  manager.MyListener - Start search element--&gt;By.xpath: //a[text()=' Logout ']
19:45:06. [Test worker] INFO  manager.MyListener - Found ---&gt; By.xpath: //a[text()=' Logout ']
Listener TestsNG startnullcreateNewCarDataProvider
19:45:06. [Test worker] INFO  manager.MyListenerTestNG - Listener TestsNG startnullcreateNewCarDataProvider
19:45:06. [Test worker] INFO  manager.MyListener - Start search element--&gt;By.xpath: //a[@href='/let-car-work']
19:45:06. [Test worker] INFO  manager.MyListener - Found ---&gt; By.xpath: //a[@href='/let-car-work']
19:45:06. [Test worker] INFO  manager.MyListener - Start search element--&gt;By.xpath: //a[@id='1']
19:45:06. [Test worker] INFO  manager.MyListener - Found ---&gt; By.xpath: //a[@id='1']
19:45:06. [Test worker] INFO  manager.MyListener - Start search element--&gt;By.id: pickUpPlace
19:45:06. [Test worker] INFO  manager.MyListener - Found ---&gt; By.id: pickUpPlace
19:45:06. [Test worker] INFO  manager.MyListener - Start search element--&gt;By.cssSelector: div.pac-item
19:45:07. [Test worker] INFO  manager.MyListener - Found ---&gt; By.cssSelector: div.pac-item
19:45:09. [Test worker] INFO  manager.MyListener - Start search element--&gt;By.id: make
19:45:09. [Test worker] INFO  manager.MyListener - Found ---&gt; By.id: make
19:45:09. [Test worker] INFO  manager.MyListener - Start search element--&gt;By.id: model
19:45:09. [Test worker] INFO  manager.MyListener - Found ---&gt; By.id: model
19:45:09. [Test worker] INFO  manager.MyListener - Start search element--&gt;By.id: year
19:45:09. [Test worker] INFO  manager.MyListener - Found ---&gt; By.id: year
19:45:09. [Test worker] INFO  manager.MyListener - Start search element--&gt;By.id: engine
19:45:09. [Test worker] INFO  manager.MyListener - Found ---&gt; By.id: engine
19:45:09. [Test worker] INFO  manager.MyListener - Start search element--&gt;By.id: fuel
19:45:09. [Test worker] INFO  manager.MyListener - Found ---&gt; By.id: fuel
19:45:10. [Test worker] INFO  manager.MyListener - Start search element--&gt;By.xpath: .//option[normalize-space(.) = &quot;Petrol&quot;]
19:45:10. [Test worker] INFO  manager.MyListener - Found ---&gt; By.xpath: .//option[normalize-space(.) = &quot;Petrol&quot;]
19:45:10. [Test worker] INFO  manager.MyListener - Start search element--&gt;By.id: gear
19:45:10. [Test worker] INFO  manager.MyListener - Found ---&gt; By.id: gear
19:45:10. [Test worker] INFO  manager.MyListener - Start search element--&gt;By.xpath: .//option[normalize-space(.) = &quot;AT&quot;]
19:45:10. [Test worker] INFO  manager.MyListener - Found ---&gt; By.xpath: .//option[normalize-space(.) = &quot;AT&quot;]
19:45:10. [Test worker] INFO  manager.MyListener - Start search element--&gt;By.id: wheelsDrive
19:45:10. [Test worker] INFO  manager.MyListener - Found ---&gt; By.id: wheelsDrive
19:45:10. [Test worker] INFO  manager.MyListener - Start search element--&gt;By.xpath: .//option[normalize-space(.) = &quot;RWD&quot;]
19:45:10. [Test worker] INFO  manager.MyListener - Found ---&gt; By.xpath: .//option[normalize-space(.) = &quot;RWD&quot;]
19:45:10. [Test worker] INFO  manager.MyListener - Start search element--&gt;By.id: doors
19:45:10. [Test worker] INFO  manager.MyListener - Found ---&gt; By.id: doors
19:45:10. [Test worker] INFO  manager.MyListener - Start search element--&gt;By.id: seats
19:45:10. [Test worker] INFO  manager.MyListener - Found ---&gt; By.id: seats
19:45:10. [Test worker] INFO  manager.MyListener - Start search element--&gt;By.id: class
19:45:10. [Test worker] INFO  manager.MyListener - Found ---&gt; By.id: class
19:45:10. [Test worker] INFO  manager.MyListener - Start search element--&gt;By.id: fuelConsumption
19:45:10. [Test worker] INFO  manager.MyListener - Found ---&gt; By.id: fuelConsumption
19:45:10. [Test worker] INFO  manager.MyListener - Start search element--&gt;By.id: serialNumber
19:45:10. [Test worker] INFO  manager.MyListener - Found ---&gt; By.id: serialNumber
19:45:11. [Test worker] INFO  manager.MyListener - Start search element--&gt;By.id: price
19:45:11. [Test worker] INFO  manager.MyListener - Found ---&gt; By.id: price
19:45:11. [Test worker] INFO  manager.MyListener - Start search element--&gt;By.id: distance
19:45:11. [Test worker] INFO  manager.MyListener - Found ---&gt; By.id: distance
19:45:11. [Test worker] INFO  manager.MyListener - Start search element--&gt;By.id: photos
19:45:11. [Test worker] INFO  manager.MyListener - Found ---&gt; By.id: photos
19:45:13. [Test worker] INFO  manager.MyListener - Start search element--&gt;By.xpath: //button[text()='Submit']
19:45:13. [Test worker] INFO  manager.MyListener - Found ---&gt; By.xpath: //button[text()='Submit']
19:45:13. [Test worker] INFO  manager.MyListener - Start search element--&gt;By.cssSelector: div.dialog-container
19:45:23. [Test worker] INFO  manager.MyListener - We have a throwable no such element: Unable to locate element: {&quot;method&quot;:&quot;css selector&quot;,&quot;selector&quot;:&quot;div.dialog-container&quot;}
  (Session info: chrome=91.0.4472.77)
For documentation on this error, please visit: https://www.seleniumhq.org/exceptions/no_such_element.html
Build info: version: '3.141.59', revision: 'e82be7d358', time: '2018-11-14T08:17:03'
System info: host: 'DESKTOP-832BH2N', ip: '10.0.0.3', os.name: 'Windows 10', os.arch: 'amd64', os.version: '10.0', java.version: '15.0.1'
Driver info: org.openqa.selenium.chrome.ChromeDriver
Capabilities {acceptInsecureCerts: false, browserName: chrome, browserVersion: 91.0.4472.77, chrome: {chromedriverVersion: 91.0.4472.19 (1bf021f248676..., userDataDir: C:\Users\Stebelev\AppData\L...}, goog:chromeOptions: {debuggerAddress: localhost:50725}, javascriptEnabled: true, networkConnectionEnabled: false, pageLoadStrategy: normal, platform: WINDOWS, platformName: WINDOWS, proxy: Proxy(), setWindowRect: true, strictFileInteractability: false, timeouts: {implicit: 0, pageLoad: 300000, script: 30000}, unhandledPromptBehavior: dismiss and notify, webauthn:extension:largeBlob: true, webauthn:virtualAuthenticators: true}
Session ID: 1090d8faed4908df5dea35c3ed3d9f11
*** Element info: {Using=css selector, value=div.dialog-container}
19:45:23. [Test worker] INFO  manager.MyListener - Screen with throwable --&gt; src/test/screenshots/screenshot--2914.png
19:45:23. [Test worker] INFO  TestBase - End of method ---&gt;createNewCarDataProvider
</pre>
</span>
</div>
</div>
<div id="footer">
<p>
<div>
<label class="hidden" id="label-for-line-wrapping-toggle" for="line-wrapping-toggle">Wrap lines
<input id="line-wrapping-toggle" type="checkbox" autocomplete="off"/>
</label>
</div>Generated by 
<a href="http://www.gradle.org">Gradle 6.7</a> at Jun 2, 2021, 7:47:02 PM</p>
</div>
</div>
</body>
</html>
